#! /usr/bin/vvp
:ivl_version "12.0 (stable)";
:ivl_delay_selection "TYPICAL";
:vpi_time_precision + 0;
:vpi_module "/usr/lib/x86_64-linux-gnu/ivl/system.vpi";
:vpi_module "/usr/lib/x86_64-linux-gnu/ivl/vhdl_sys.vpi";
:vpi_module "/usr/lib/x86_64-linux-gnu/ivl/vhdl_textio.vpi";
:vpi_module "/usr/lib/x86_64-linux-gnu/ivl/v2005_math.vpi";
:vpi_module "/usr/lib/x86_64-linux-gnu/ivl/va_math.vpi";
S_0x61c32e8e2350 .scope module, "tb_and_gate" "tb_and_gate" 2 8;
 .timescale 0 0;
v0x61c32e8f36f0_0 .var "A", 0 0;
v0x61c32e8f37c0_0 .var "B", 0 0;
v0x61c32e8f3890_0 .net "Y", 0 0, L_0x61c32e8f3990;  1 drivers
S_0x61c32e8e24e0 .scope module, "dut" "and_gate" 2 15, 3 8 0, S_0x61c32e8e2350;
 .timescale 0 0;
    .port_info 0 /INPUT 1 "A";
    .port_info 1 /INPUT 1 "B";
    .port_info 2 /OUTPUT 1 "Y";
L_0x61c32e8f3990 .functor AND 1, v0x61c32e8f36f0_0, v0x61c32e8f37c0_0, C4<1>, C4<1>;
v0x61c32e8a9490_0 .net "A", 0 0, v0x61c32e8f36f0_0;  1 drivers
v0x61c32e8f3510_0 .net "B", 0 0, v0x61c32e8f37c0_0;  1 drivers
v0x61c32e8f35d0_0 .net "Y", 0 0, L_0x61c32e8f3990;  alias, 1 drivers
    .scope S_0x61c32e8e2350;
T_0 ;
    %vpi_call 2 23 "$dumpfile", "and.vcd" {0 0 0};
    %vpi_call 2 24 "$dumpvars", 32'sb00000000000000000000000000000000, S_0x61c32e8e2350 {0 0 0};
    %pushi/vec4 0, 0, 1;
    %store/vec4 v0x61c32e8f36f0_0, 0, 1;
    %pushi/vec4 0, 0, 1;
    %store/vec4 v0x61c32e8f37c0_0, 0, 1;
    %delay 10, 0;
    %pushi/vec4 0, 0, 1;
    %store/vec4 v0x61c32e8f36f0_0, 0, 1;
    %pushi/vec4 1, 0, 1;
    %store/vec4 v0x61c32e8f37c0_0, 0, 1;
    %delay 10, 0;
    %pushi/vec4 1, 0, 1;
    %store/vec4 v0x61c32e8f36f0_0, 0, 1;
    %pushi/vec4 0, 0, 1;
    %store/vec4 v0x61c32e8f37c0_0, 0, 1;
    %delay 10, 0;
    %pushi/vec4 1, 0, 1;
    %store/vec4 v0x61c32e8f36f0_0, 0, 1;
    %pushi/vec4 1, 0, 1;
    %store/vec4 v0x61c32e8f37c0_0, 0, 1;
    %delay 10, 0;
    %vpi_call 2 32 "$finish" {0 0 0};
    %end;
    .thread T_0;
# The file index is used to find the file name in the following table.
:file_names 4;
    "N/A";
    "<interactive>";
    "tb_and.v";
    "and.v";
