#! /usr/bin/vvp
:ivl_version "12.0 (stable)";
:ivl_delay_selection "TYPICAL";
:vpi_time_precision + 0;
:vpi_module "/usr/lib/x86_64-linux-gnu/ivl/system.vpi";
:vpi_module "/usr/lib/x86_64-linux-gnu/ivl/vhdl_sys.vpi";
:vpi_module "/usr/lib/x86_64-linux-gnu/ivl/vhdl_textio.vpi";
:vpi_module "/usr/lib/x86_64-linux-gnu/ivl/v2005_math.vpi";
:vpi_module "/usr/lib/x86_64-linux-gnu/ivl/va_math.vpi";
S_0x590dc97671a0 .scope module, "tb_dff" "tb_dff" 2 8;
 .timescale 0 0;
v0x590dc9779660_0 .var "clk", 0 0;
v0x590dc9779720_0 .var "d", 0 0;
v0x590dc97797f0_0 .net "q", 0 0, v0x590dc9779420_0;  1 drivers
v0x590dc97798f0_0 .var "rst", 0 0;
S_0x590dc9767330 .scope module, "dut" "dff" 2 14, 3 8 0, S_0x590dc97671a0;
 .timescale 0 0;
    .port_info 0 /INPUT 1 "clk";
    .port_info 1 /INPUT 1 "rst";
    .port_info 2 /INPUT 1 "d";
    .port_info 3 /OUTPUT 1 "q";
v0x590dc972d490_0 .net "clk", 0 0, v0x590dc9779660_0;  1 drivers
v0x590dc9779360_0 .net "d", 0 0, v0x590dc9779720_0;  1 drivers
v0x590dc9779420_0 .var "q", 0 0;
v0x590dc97794f0_0 .net "rst", 0 0, v0x590dc97798f0_0;  1 drivers
E_0x590dc972dc00 .event posedge, v0x590dc97794f0_0, v0x590dc972d490_0;
    .scope S_0x590dc9767330;
T_0 ;
    %wait E_0x590dc972dc00;
    %load/vec4 v0x590dc97794f0_0;
    %flag_set/vec4 8;
    %jmp/0xz  T_0.0, 8;
    %pushi/vec4 0, 0, 1;
    %assign/vec4 v0x590dc9779420_0, 0;
    %jmp T_0.1;
T_0.0 ;
    %load/vec4 v0x590dc9779360_0;
    %assign/vec4 v0x590dc9779420_0, 0;
T_0.1 ;
    %jmp T_0;
    .thread T_0;
    .scope S_0x590dc97671a0;
T_1 ;
    %delay 5, 0;
    %load/vec4 v0x590dc9779660_0;
    %inv;
    %store/vec4 v0x590dc9779660_0, 0, 1;
    %jmp T_1;
    .thread T_1;
    .scope S_0x590dc97671a0;
T_2 ;
    %vpi_call 2 26 "$dumpfile", "dff.vcd" {0 0 0};
    %vpi_call 2 27 "$dumpvars", 32'sb00000000000000000000000000000000, S_0x590dc97671a0 {0 0 0};
    %pushi/vec4 0, 0, 1;
    %store/vec4 v0x590dc9779660_0, 0, 1;
    %pushi/vec4 0, 0, 1;
    %store/vec4 v0x590dc97798f0_0, 0, 1;
    %pushi/vec4 0, 0, 1;
    %store/vec4 v0x590dc9779720_0, 0, 1;
    %pushi/vec4 1, 0, 1;
    %store/vec4 v0x590dc97798f0_0, 0, 1;
    %delay 10, 0;
    %pushi/vec4 0, 0, 1;
    %store/vec4 v0x590dc97798f0_0, 0, 1;
    %pushi/vec4 1, 0, 1;
    %store/vec4 v0x590dc9779720_0, 0, 1;
    %delay 10, 0;
    %pushi/vec4 0, 0, 1;
    %store/vec4 v0x590dc9779720_0, 0, 1;
    %delay 10, 0;
    %pushi/vec4 1, 0, 1;
    %store/vec4 v0x590dc9779720_0, 0, 1;
    %delay 10, 0;
    %vpi_call 2 39 "$finish" {0 0 0};
    %end;
    .thread T_2;
# The file index is used to find the file name in the following table.
:file_names 4;
    "N/A";
    "<interactive>";
    "dff/tb_dff.v";
    "dff/dff.v";
