#! /usr/bin/vvp
:ivl_version "12.0 (stable)";
:ivl_delay_selection "TYPICAL";
:vpi_time_precision + 0;
:vpi_module "/usr/lib/x86_64-linux-gnu/ivl/system.vpi";
:vpi_module "/usr/lib/x86_64-linux-gnu/ivl/vhdl_sys.vpi";
:vpi_module "/usr/lib/x86_64-linux-gnu/ivl/vhdl_textio.vpi";
:vpi_module "/usr/lib/x86_64-linux-gnu/ivl/v2005_math.vpi";
:vpi_module "/usr/lib/x86_64-linux-gnu/ivl/va_math.vpi";
S_0x5b6be2c79ff0 .scope module, "tb_full_adder" "tb_full_adder" 2 3;
 .timescale 0 0;
v0x5b6be2c91a50_0 .var "a", 0 0;
v0x5b6be2c91b10_0 .var "b", 0 0;
v0x5b6be2c91be0_0 .var "cin", 0 0;
v0x5b6be2c91ce0_0 .net "cout", 0 0, L_0x5b6be2c92490;  1 drivers
v0x5b6be2c91db0_0 .net "sum", 0 0, L_0x5b6be2c91f90;  1 drivers
S_0x5b6be2c7a180 .scope module, "dut" "full_adder" 2 15, 3 4 0, S_0x5b6be2c79ff0;
 .timescale 0 0;
    .port_info 0 /INPUT 1 "a";
    .port_info 1 /INPUT 1 "b";
    .port_info 2 /INPUT 1 "cin";
    .port_info 3 /OUTPUT 1 "sum";
    .port_info 4 /OUTPUT 1 "cout";
L_0x5b6be2c91e50 .functor XOR 1, v0x5b6be2c91a50_0, v0x5b6be2c91b10_0, C4<0>, C4<0>;
L_0x5b6be2c91f90 .functor XOR 1, L_0x5b6be2c91e50, v0x5b6be2c91be0_0, C4<0>, C4<0>;
L_0x5b6be2c920f0 .functor AND 1, v0x5b6be2c91a50_0, v0x5b6be2c91b10_0, C4<1>, C4<1>;
L_0x5b6be2c92160 .functor AND 1, v0x5b6be2c91a50_0, v0x5b6be2c91be0_0, C4<1>, C4<1>;
L_0x5b6be2c92200 .functor OR 1, L_0x5b6be2c920f0, L_0x5b6be2c92160, C4<0>, C4<0>;
L_0x5b6be2c922c0 .functor AND 1, v0x5b6be2c91b10_0, v0x5b6be2c91be0_0, C4<1>, C4<1>;
L_0x5b6be2c92490 .functor OR 1, L_0x5b6be2c92200, L_0x5b6be2c922c0, C4<0>, C4<0>;
v0x5b6be2c7a310_0 .net *"_ivl_0", 0 0, L_0x5b6be2c91e50;  1 drivers
v0x5b6be2c91240_0 .net *"_ivl_10", 0 0, L_0x5b6be2c922c0;  1 drivers
v0x5b6be2c91320_0 .net *"_ivl_4", 0 0, L_0x5b6be2c920f0;  1 drivers
v0x5b6be2c913e0_0 .net *"_ivl_6", 0 0, L_0x5b6be2c92160;  1 drivers
v0x5b6be2c914c0_0 .net *"_ivl_8", 0 0, L_0x5b6be2c92200;  1 drivers
v0x5b6be2c915f0_0 .net "a", 0 0, v0x5b6be2c91a50_0;  1 drivers
v0x5b6be2c916b0_0 .net "b", 0 0, v0x5b6be2c91b10_0;  1 drivers
v0x5b6be2c91770_0 .net "cin", 0 0, v0x5b6be2c91be0_0;  1 drivers
v0x5b6be2c91830_0 .net "cout", 0 0, L_0x5b6be2c92490;  alias, 1 drivers
v0x5b6be2c918f0_0 .net "sum", 0 0, L_0x5b6be2c91f90;  alias, 1 drivers
    .scope S_0x5b6be2c79ff0;
T_0 ;
    %vpi_call 2 25 "$dumpfile", "full_adder.vcd" {0 0 0};
    %vpi_call 2 26 "$dumpvars", 32'sb00000000000000000000000000000000, S_0x5b6be2c79ff0 {0 0 0};
    %pushi/vec4 0, 0, 1;
    %store/vec4 v0x5b6be2c91a50_0, 0, 1;
    %pushi/vec4 0, 0, 1;
    %store/vec4 v0x5b6be2c91b10_0, 0, 1;
    %pushi/vec4 0, 0, 1;
    %store/vec4 v0x5b6be2c91be0_0, 0, 1;
    %pushi/vec4 0, 0, 1;
    %store/vec4 v0x5b6be2c91a50_0, 0, 1;
    %pushi/vec4 0, 0, 1;
    %store/vec4 v0x5b6be2c91b10_0, 0, 1;
    %pushi/vec4 0, 0, 1;
    %store/vec4 v0x5b6be2c91be0_0, 0, 1;
    %delay 10, 0;
    %pushi/vec4 0, 0, 1;
    %store/vec4 v0x5b6be2c91a50_0, 0, 1;
    %pushi/vec4 0, 0, 1;
    %store/vec4 v0x5b6be2c91b10_0, 0, 1;
    %pushi/vec4 1, 0, 1;
    %store/vec4 v0x5b6be2c91be0_0, 0, 1;
    %delay 10, 0;
    %pushi/vec4 0, 0, 1;
    %store/vec4 v0x5b6be2c91a50_0, 0, 1;
    %pushi/vec4 1, 0, 1;
    %store/vec4 v0x5b6be2c91b10_0, 0, 1;
    %pushi/vec4 0, 0, 1;
    %store/vec4 v0x5b6be2c91be0_0, 0, 1;
    %delay 10, 0;
    %pushi/vec4 0, 0, 1;
    %store/vec4 v0x5b6be2c91a50_0, 0, 1;
    %pushi/vec4 1, 0, 1;
    %store/vec4 v0x5b6be2c91b10_0, 0, 1;
    %pushi/vec4 1, 0, 1;
    %store/vec4 v0x5b6be2c91be0_0, 0, 1;
    %delay 10, 0;
    %pushi/vec4 1, 0, 1;
    %store/vec4 v0x5b6be2c91a50_0, 0, 1;
    %pushi/vec4 0, 0, 1;
    %store/vec4 v0x5b6be2c91b10_0, 0, 1;
    %pushi/vec4 0, 0, 1;
    %store/vec4 v0x5b6be2c91be0_0, 0, 1;
    %delay 10, 0;
    %pushi/vec4 1, 0, 1;
    %store/vec4 v0x5b6be2c91a50_0, 0, 1;
    %pushi/vec4 0, 0, 1;
    %store/vec4 v0x5b6be2c91b10_0, 0, 1;
    %pushi/vec4 1, 0, 1;
    %store/vec4 v0x5b6be2c91be0_0, 0, 1;
    %delay 10, 0;
    %pushi/vec4 1, 0, 1;
    %store/vec4 v0x5b6be2c91a50_0, 0, 1;
    %pushi/vec4 1, 0, 1;
    %store/vec4 v0x5b6be2c91b10_0, 0, 1;
    %pushi/vec4 0, 0, 1;
    %store/vec4 v0x5b6be2c91be0_0, 0, 1;
    %delay 10, 0;
    %pushi/vec4 1, 0, 1;
    %store/vec4 v0x5b6be2c91a50_0, 0, 1;
    %pushi/vec4 1, 0, 1;
    %store/vec4 v0x5b6be2c91b10_0, 0, 1;
    %pushi/vec4 1, 0, 1;
    %store/vec4 v0x5b6be2c91be0_0, 0, 1;
    %delay 10, 0;
    %vpi_call 2 43 "$finish" {0 0 0};
    %end;
    .thread T_0;
# The file index is used to find the file name in the following table.
:file_names 4;
    "N/A";
    "<interactive>";
    "tb_full_adder.v";
    "full_adder.v";
