#! /usr/bin/vvp
:ivl_version "12.0 (stable)";
:ivl_delay_selection "TYPICAL";
:vpi_time_precision + 0;
:vpi_module "/usr/lib/x86_64-linux-gnu/ivl/system.vpi";
:vpi_module "/usr/lib/x86_64-linux-gnu/ivl/vhdl_sys.vpi";
:vpi_module "/usr/lib/x86_64-linux-gnu/ivl/vhdl_textio.vpi";
:vpi_module "/usr/lib/x86_64-linux-gnu/ivl/v2005_math.vpi";
:vpi_module "/usr/lib/x86_64-linux-gnu/ivl/va_math.vpi";
S_0x64cb9e2e4bb0 .scope module, "tb_mux_4to1" "tb_mux_4to1" 2 8;
 .timescale 0 0;
P_0x64cb9e2f4330 .param/l "WIDTH" 1 2 11, +C4<00000000000000000000000000001000>;
v0x64cb9e30f9c0_0 .var "a", 7 0;
v0x64cb9e30faa0_0 .var "b", 7 0;
v0x64cb9e30fb70_0 .var "c", 7 0;
v0x64cb9e30fc70_0 .var "d", 7 0;
v0x64cb9e30fd40_0 .var "sel", 1 0;
v0x64cb9e30fde0_0 .net "y", 7 0, L_0x64cb9e3108d0;  1 drivers
S_0x64cb9e2f6ea0 .scope module, "dut" "mux_4to1" 2 24, 3 9 0, S_0x64cb9e2e4bb0;
 .timescale 0 0;
    .port_info 0 /INPUT 8 "a";
    .port_info 1 /INPUT 8 "b";
    .port_info 2 /INPUT 8 "c";
    .port_info 3 /INPUT 8 "d";
    .port_info 4 /INPUT 2 "sel";
    .port_info 5 /OUTPUT 8 "y";
P_0x64cb9e2f7080 .param/l "WIDTH" 0 3 9, +C4<00000000000000000000000000001000>;
L_0x7af83a882018 .functor BUFT 1, C4<00>, C4<0>, C4<0>, C4<0>;
v0x64cb9e2f71c0_0 .net/2u *"_ivl_0", 1 0, L_0x7af83a882018;  1 drivers
v0x64cb9e30ea70_0 .net *"_ivl_10", 0 0, L_0x64cb9e310170;  1 drivers
L_0x7af83a8820f0 .functor BUFT 1, C4<11>, C4<0>, C4<0>, C4<0>;
v0x64cb9e30eb30_0 .net/2u *"_ivl_12", 1 0, L_0x7af83a8820f0;  1 drivers
v0x64cb9e30ebf0_0 .net *"_ivl_14", 0 0, L_0x64cb9e310240;  1 drivers
L_0x7af83a882138 .functor BUFT 1, C4<00000000>, C4<0>, C4<0>, C4<0>;
v0x64cb9e30ecb0_0 .net/2u *"_ivl_16", 7 0, L_0x7af83a882138;  1 drivers
v0x64cb9e30ede0_0 .net *"_ivl_18", 7 0, L_0x64cb9e3103e0;  1 drivers
v0x64cb9e30eec0_0 .net *"_ivl_2", 0 0, L_0x64cb9e30fee0;  1 drivers
v0x64cb9e30ef80_0 .net *"_ivl_20", 7 0, L_0x64cb9e310570;  1 drivers
v0x64cb9e30f060_0 .net *"_ivl_22", 7 0, L_0x64cb9e310740;  1 drivers
L_0x7af83a882060 .functor BUFT 1, C4<01>, C4<0>, C4<0>, C4<0>;
v0x64cb9e30f140_0 .net/2u *"_ivl_4", 1 0, L_0x7af83a882060;  1 drivers
v0x64cb9e30f220_0 .net *"_ivl_6", 0 0, L_0x64cb9e310050;  1 drivers
L_0x7af83a8820a8 .functor BUFT 1, C4<10>, C4<0>, C4<0>, C4<0>;
v0x64cb9e30f2e0_0 .net/2u *"_ivl_8", 1 0, L_0x7af83a8820a8;  1 drivers
v0x64cb9e30f3c0_0 .net "a", 7 0, v0x64cb9e30f9c0_0;  1 drivers
v0x64cb9e30f4a0_0 .net "b", 7 0, v0x64cb9e30faa0_0;  1 drivers
v0x64cb9e30f580_0 .net "c", 7 0, v0x64cb9e30fb70_0;  1 drivers
v0x64cb9e30f660_0 .net "d", 7 0, v0x64cb9e30fc70_0;  1 drivers
v0x64cb9e30f740_0 .net "sel", 1 0, v0x64cb9e30fd40_0;  1 drivers
v0x64cb9e30f820_0 .net "y", 7 0, L_0x64cb9e3108d0;  alias, 1 drivers
L_0x64cb9e30fee0 .cmp/eq 2, v0x64cb9e30fd40_0, L_0x7af83a882018;
L_0x64cb9e310050 .cmp/eq 2, v0x64cb9e30fd40_0, L_0x7af83a882060;
L_0x64cb9e310170 .cmp/eq 2, v0x64cb9e30fd40_0, L_0x7af83a8820a8;
L_0x64cb9e310240 .cmp/eq 2, v0x64cb9e30fd40_0, L_0x7af83a8820f0;
L_0x64cb9e3103e0 .functor MUXZ 8, L_0x7af83a882138, v0x64cb9e30fc70_0, L_0x64cb9e310240, C4<>;
L_0x64cb9e310570 .functor MUXZ 8, L_0x64cb9e3103e0, v0x64cb9e30fb70_0, L_0x64cb9e310170, C4<>;
L_0x64cb9e310740 .functor MUXZ 8, L_0x64cb9e310570, v0x64cb9e30faa0_0, L_0x64cb9e310050, C4<>;
L_0x64cb9e3108d0 .functor MUXZ 8, L_0x64cb9e310740, v0x64cb9e30f9c0_0, L_0x64cb9e30fee0, C4<>;
    .scope S_0x64cb9e2e4bb0;
T_0 ;
    %vpi_call 2 35 "$dumpfile", "mux_4to1.vcd" {0 0 0};
    %vpi_call 2 36 "$dumpvars", 32'sb00000000000000000000000000000000, S_0x64cb9e2e4bb0 {0 0 0};
    %pushi/vec4 0, 0, 8;
    %store/vec4 v0x64cb9e30f9c0_0, 0, 8;
    %pushi/vec4 0, 0, 8;
    %store/vec4 v0x64cb9e30faa0_0, 0, 8;
    %pushi/vec4 0, 0, 8;
    %store/vec4 v0x64cb9e30fb70_0, 0, 8;
    %pushi/vec4 0, 0, 8;
    %store/vec4 v0x64cb9e30fc70_0, 0, 8;
    %pushi/vec4 0, 0, 2;
    %store/vec4 v0x64cb9e30fd40_0, 0, 2;
    %delay 10, 0;
    %pushi/vec4 170, 0, 8;
    %store/vec4 v0x64cb9e30f9c0_0, 0, 8;
    %pushi/vec4 187, 0, 8;
    %store/vec4 v0x64cb9e30faa0_0, 0, 8;
    %pushi/vec4 204, 0, 8;
    %store/vec4 v0x64cb9e30fb70_0, 0, 8;
    %pushi/vec4 221, 0, 8;
    %store/vec4 v0x64cb9e30fc70_0, 0, 8;
    %pushi/vec4 0, 0, 2;
    %store/vec4 v0x64cb9e30fd40_0, 0, 2;
    %delay 10, 0;
    %pushi/vec4 1, 0, 2;
    %store/vec4 v0x64cb9e30fd40_0, 0, 2;
    %delay 10, 0;
    %pushi/vec4 2, 0, 2;
    %store/vec4 v0x64cb9e30fd40_0, 0, 2;
    %delay 10, 0;
    %pushi/vec4 3, 0, 2;
    %store/vec4 v0x64cb9e30fd40_0, 0, 2;
    %delay 10, 0;
    %vpi_call 2 61 "$finish" {0 0 0};
    %end;
    .thread T_0;
# The file index is used to find the file name in the following table.
:file_names 4;
    "N/A";
    "<interactive>";
    "mux_4to1/tb_mux_4to1.v";
    "mux_4to1/mux_4to1.v";
